{"D:\\Works\\SelfWork\\jest_test_practise\\src\\app\\Authorization\\Authorizer.ts": {"path":"D:\\Works\\SelfWork\\jest_test_practise\\src\\app\\Authorization\\Authorizer.ts","statementMap":{"0":{"start":{"line":1,"column":0},"end":{"line":1,"column":62}},"1":{"start":{"line":2,"column":0},"end":{"line":2,"column":120}},"2":{"start":{"line":3,"column":0},"end":{"line":3,"column":68}},"3":{"start":{"line":14,"column":8},"end":{"line":14,"column":57}},"4":{"start":{"line":15,"column":8},"end":{"line":15,"column":63}},"5":{"start":{"line":19,"column":30},"end":{"line":20,"column":null}},"6":{"start":{"line":22,"column":8},"end":{"line":34,"column":null}},"7":{"start":{"line":23,"column":40},"end":{"line":29,"column":null}},"8":{"start":{"line":30,"column":12},"end":{"line":30,"column":69}},"9":{"start":{"line":31,"column":12},"end":{"line":31,"column":25}},"10":{"start":{"line":33,"column":12},"end":{"line":33,"column":24}},"11":{"start":{"line":38,"column":22},"end":{"line":38,"column":71}},"12":{"start":{"line":39,"column":8},"end":{"line":49,"column":10}},"13":{"start":{"line":40,"column":12},"end":{"line":43,"column":14}},"14":{"start":{"line":44,"column":15},"end":{"line":49,"column":10}},"15":{"start":{"line":45,"column":12},"end":{"line":48,"column":14}},"16":{"start":{"line":49,"column":10},"end":{"line":52,"column":null}},"17":{"start":{"line":56,"column":8},"end":{"line":56,"column":53}},"18":{"start":{"line":60,"column":8},"end":{"line":60,"column":51}},"19":{"start":{"line":6,"column":0},"end":{"line":6,"column":13}}},"fnMap":{"0":{"name":"(anonymous_7)","decl":{"start":{"line":11,"column":4},"end":{"line":11,"column":23}},"loc":{"start":{"line":12,"column":61},"end":{"line":16,"column":5}}},"1":{"name":"(anonymous_8)","decl":{"start":{"line":18,"column":10},"end":{"line":18,"column":23}},"loc":{"start":{"line":18,"column":40},"end":{"line":35,"column":null}}},"2":{"name":"(anonymous_10)","decl":{"start":{"line":37,"column":17},"end":{"line":37,"column":30}},"loc":{"start":{"line":37,"column":46},"end":{"line":53,"column":null}}},"3":{"name":"(anonymous_12)","decl":{"start":{"line":55,"column":12},"end":{"line":55,"column":34}},"loc":{"start":{"line":55,"column":34},"end":{"line":57,"column":5}}},"4":{"name":"(anonymous_13)","decl":{"start":{"line":59,"column":12},"end":{"line":59,"column":33}},"loc":{"start":{"line":59,"column":33},"end":{"line":61,"column":5}}}},"branchMap":{"0":{"loc":{"start":{"line":11,"column":23},"end":{"line":11,"column":70}},"type":"default-arg","locations":[{"start":{"line":11,"column":46},"end":{"line":11,"column":70}}]},"1":{"loc":{"start":{"line":12,"column":8},"end":{"line":12,"column":61}},"type":"default-arg","locations":[{"start":{"line":12,"column":34},"end":{"line":12,"column":61}}]},"2":{"loc":{"start":{"line":22,"column":8},"end":{"line":34,"column":null}},"type":"if","locations":[{"start":{"line":22,"column":8},"end":{"line":34,"column":null}},{"start":{"line":32,"column":15},"end":{"line":34,"column":null}}]},"3":{"loc":{"start":{"line":39,"column":8},"end":{"line":49,"column":10}},"type":"if","locations":[{"start":{"line":39,"column":8},"end":{"line":49,"column":10}},{"start":{"line":44,"column":15},"end":{"line":49,"column":10}}]},"4":{"loc":{"start":{"line":39,"column":12},"end":{"line":39,"column":34}},"type":"binary-expr","locations":[{"start":{"line":39,"column":12},"end":{"line":39,"column":18}},{"start":{"line":39,"column":22},"end":{"line":39,"column":34}}]},"5":{"loc":{"start":{"line":44,"column":15},"end":{"line":49,"column":10}},"type":"if","locations":[{"start":{"line":44,"column":15},"end":{"line":49,"column":10}}]}},"s":{"0":1,"1":1,"2":1,"3":3,"4":3,"5":1,"6":1,"7":1,"8":1,"9":1,"10":0,"11":0,"12":0,"13":0,"14":0,"15":0,"16":0,"17":1,"18":1,"19":1},"f":{"0":3,"1":1,"2":0,"3":1,"4":1},"b":{"0":[1],"1":[1],"2":[1,0],"3":[0,0],"4":[0,0],"5":[0]}}
,"D:\\Works\\SelfWork\\jest_test_practise\\src\\app\\Authorization\\SessionTokenDBAccess.ts": {"path":"D:\\Works\\SelfWork\\jest_test_practise\\src\\app\\Authorization\\SessionTokenDBAccess.ts","statementMap":{"0":{"start":{"line":2,"column":0},"end":{"line":2,"column":29}},"1":{"start":{"line":9,"column":8},"end":{"line":9,"column":25}},"2":{"start":{"line":10,"column":8},"end":{"line":10,"column":33}},"3":{"start":{"line":14,"column":8},"end":{"line":22,"column":11}},"4":{"start":{"line":15,"column":12},"end":{"line":21,"column":null}},"5":{"start":{"line":16,"column":16},"end":{"line":20,"column":null}},"6":{"start":{"line":17,"column":20},"end":{"line":17,"column":null}},"7":{"start":{"line":19,"column":20},"end":{"line":19,"column":null}},"8":{"start":{"line":26,"column":8},"end":{"line":38,"column":11}},"9":{"start":{"line":27,"column":12},"end":{"line":37,"column":null}},"10":{"start":{"line":28,"column":16},"end":{"line":36,"column":null}},"11":{"start":{"line":29,"column":20},"end":{"line":29,"column":null}},"12":{"start":{"line":31,"column":20},"end":{"line":35,"column":null}},"13":{"start":{"line":32,"column":24},"end":{"line":32,"column":null}},"14":{"start":{"line":34,"column":24},"end":{"line":34,"column":41}},"15":{"start":{"line":4,"column":0},"end":{"line":4,"column":13}}},"fnMap":{"0":{"name":"(anonymous_7)","decl":{"start":{"line":8,"column":4},"end":{"line":8,"column":16}},"loc":{"start":{"line":8,"column":60},"end":{"line":11,"column":5}}},"1":{"name":"(anonymous_8)","decl":{"start":{"line":13,"column":17},"end":{"line":13,"column":34}},"loc":{"start":{"line":13,"column":54},"end":{"line":23,"column":null}}},"2":{"name":"(anonymous_10)","decl":{"start":{"line":14,"column":27},"end":{"line":14,"column":28}},"loc":{"start":{"line":14,"column":47},"end":{"line":22,"column":9}}},"3":{"name":"(anonymous_11)","decl":{"start":{"line":15,"column":36},"end":{"line":15,"column":37}},"loc":{"start":{"line":15,"column":58},"end":{"line":21,"column":13}}},"4":{"name":"(anonymous_12)","decl":{"start":{"line":25,"column":17},"end":{"line":25,"column":25}},"loc":{"start":{"line":25,"column":41},"end":{"line":39,"column":null}}},"5":{"name":"(anonymous_14)","decl":{"start":{"line":26,"column":27},"end":{"line":26,"column":28}},"loc":{"start":{"line":26,"column":47},"end":{"line":38,"column":9}}},"6":{"name":"(anonymous_15)","decl":{"start":{"line":27,"column":49},"end":{"line":27,"column":50}},"loc":{"start":{"line":27,"column":77},"end":{"line":37,"column":13}}}},"branchMap":{"0":{"loc":{"start":{"line":8,"column":16},"end":{"line":8,"column":60}},"type":"default-arg","locations":[{"start":{"line":8,"column":23},"end":{"line":8,"column":60}}]},"1":{"loc":{"start":{"line":16,"column":16},"end":{"line":20,"column":null}},"type":"if","locations":[{"start":{"line":16,"column":16},"end":{"line":20,"column":null}},{"start":{"line":18,"column":23},"end":{"line":20,"column":null}}]},"2":{"loc":{"start":{"line":28,"column":16},"end":{"line":36,"column":null}},"type":"if","locations":[{"start":{"line":28,"column":16},"end":{"line":36,"column":null}},{"start":{"line":30,"column":23},"end":{"line":36,"column":null}}]},"3":{"loc":{"start":{"line":31,"column":20},"end":{"line":35,"column":null}},"type":"if","locations":[{"start":{"line":31,"column":20},"end":{"line":35,"column":null}},{"start":{"line":33,"column":27},"end":{"line":35,"column":null}}]}},"s":{"0":1,"1":0,"2":0,"3":0,"4":0,"5":0,"6":0,"7":0,"8":0,"9":0,"10":0,"11":0,"12":0,"13":0,"14":0,"15":1},"f":{"0":0,"1":0,"2":0,"3":0,"4":0,"5":0,"6":0},"b":{"0":[0],"1":[0,0],"2":[0,0],"3":[0,0]}}
,"D:\\Works\\SelfWork\\jest_test_practise\\src\\app\\Authorization\\UserCredentialsDbAccess.ts": {"path":"D:\\Works\\SelfWork\\jest_test_practise\\src\\app\\Authorization\\UserCredentialsDbAccess.ts","statementMap":{"0":{"start":{"line":1,"column":0},"end":{"line":1,"column":29}},"1":{"start":{"line":9,"column":8},"end":{"line":9,"column":25}},"2":{"start":{"line":10,"column":8},"end":{"line":10,"column":33}},"3":{"start":{"line":14,"column":8},"end":{"line":22,"column":11}},"4":{"start":{"line":15,"column":12},"end":{"line":21,"column":15}},"5":{"start":{"line":16,"column":16},"end":{"line":20,"column":null}},"6":{"start":{"line":17,"column":20},"end":{"line":17,"column":32}},"7":{"start":{"line":19,"column":20},"end":{"line":19,"column":34}},"8":{"start":{"line":26,"column":8},"end":{"line":38,"column":11}},"9":{"start":{"line":27,"column":12},"end":{"line":37,"column":15}},"10":{"start":{"line":28,"column":16},"end":{"line":36,"column":null}},"11":{"start":{"line":29,"column":20},"end":{"line":29,"column":39}},"12":{"start":{"line":31,"column":20},"end":{"line":35,"column":null}},"13":{"start":{"line":32,"column":24},"end":{"line":32,"column":45}},"14":{"start":{"line":34,"column":24},"end":{"line":34,"column":48}},"15":{"start":{"line":4,"column":0},"end":{"line":4,"column":13}}},"fnMap":{"0":{"name":"(anonymous_7)","decl":{"start":{"line":8,"column":4},"end":{"line":8,"column":16}},"loc":{"start":{"line":8,"column":64},"end":{"line":11,"column":5}}},"1":{"name":"(anonymous_8)","decl":{"start":{"line":13,"column":17},"end":{"line":13,"column":34}},"loc":{"start":{"line":13,"column":68},"end":{"line":23,"column":null}}},"2":{"name":"(anonymous_10)","decl":{"start":{"line":14,"column":27},"end":{"line":14,"column":28}},"loc":{"start":{"line":14,"column":47},"end":{"line":22,"column":9}}},"3":{"name":"(anonymous_11)","decl":{"start":{"line":15,"column":47},"end":{"line":15,"column":48}},"loc":{"start":{"line":15,"column":80},"end":{"line":21,"column":13}}},"4":{"name":"(anonymous_12)","decl":{"start":{"line":25,"column":17},"end":{"line":25,"column":34}},"loc":{"start":{"line":25,"column":69},"end":{"line":39,"column":null}}},"5":{"name":"(anonymous_14)","decl":{"start":{"line":26,"column":27},"end":{"line":26,"column":28}},"loc":{"start":{"line":26,"column":47},"end":{"line":38,"column":9}}},"6":{"name":"(anonymous_15)","decl":{"start":{"line":27,"column":71},"end":{"line":27,"column":72}},"loc":{"start":{"line":27,"column":118},"end":{"line":37,"column":13}}}},"branchMap":{"0":{"loc":{"start":{"line":8,"column":16},"end":{"line":8,"column":64}},"type":"default-arg","locations":[{"start":{"line":8,"column":23},"end":{"line":8,"column":64}}]},"1":{"loc":{"start":{"line":16,"column":16},"end":{"line":20,"column":null}},"type":"if","locations":[{"start":{"line":16,"column":16},"end":{"line":20,"column":null}},{"start":{"line":18,"column":23},"end":{"line":20,"column":null}}]},"2":{"loc":{"start":{"line":28,"column":16},"end":{"line":36,"column":null}},"type":"if","locations":[{"start":{"line":28,"column":16},"end":{"line":36,"column":null}},{"start":{"line":30,"column":23},"end":{"line":36,"column":null}}]},"3":{"loc":{"start":{"line":31,"column":20},"end":{"line":35,"column":null}},"type":"if","locations":[{"start":{"line":31,"column":20},"end":{"line":35,"column":null}},{"start":{"line":33,"column":27},"end":{"line":35,"column":null}}]}},"s":{"0":1,"1":0,"2":0,"3":0,"4":0,"5":0,"6":0,"7":0,"8":0,"9":0,"10":0,"11":0,"12":0,"13":0,"14":0,"15":1},"f":{"0":0,"1":0,"2":0,"3":0,"4":0,"5":0,"6":0},"b":{"0":[0],"1":[0,0],"2":[0,0],"3":[0,0]}}
,"D:\\Works\\SelfWork\\jest_test_practise\\src\\app\\Handlers\\DataHandler.ts": {"path":"D:\\Works\\SelfWork\\jest_test_practise\\src\\app\\Handlers\\DataHandler.ts","statementMap":{"0":{"start":{"line":2,"column":0},"end":{"line":2,"column":95}},"1":{"start":{"line":3,"column":0},"end":{"line":3,"column":39}},"2":{"start":{"line":14,"column":8},"end":{"line":14,"column":31}},"3":{"start":{"line":15,"column":8},"end":{"line":15,"column":33}},"4":{"start":{"line":16,"column":8},"end":{"line":16,"column":45}},"5":{"start":{"line":17,"column":8},"end":{"line":17,"column":43}},"6":{"start":{"line":21,"column":8},"end":{"line":30,"column":null}},"7":{"start":{"line":23,"column":16},"end":{"line":23,"column":43}},"8":{"start":{"line":24,"column":16},"end":{"line":24,"column":22}},"9":{"start":{"line":26,"column":16},"end":{"line":26,"column":39}},"10":{"start":{"line":27,"column":16},"end":{"line":27,"column":22}},"11":{"start":{"line":29,"column":16},"end":{"line":29,"column":22}},"12":{"start":{"line":34,"column":8},"end":{"line":34,"column":47}},"13":{"start":{"line":38,"column":8},"end":{"line":57,"column":null}},"14":{"start":{"line":39,"column":40},"end":{"line":39,"column":88}},"15":{"start":{"line":40,"column":12},"end":{"line":53,"column":null}},"16":{"start":{"line":41,"column":34},"end":{"line":41,"column":67}},"17":{"start":{"line":42,"column":16},"end":{"line":49,"column":null}},"18":{"start":{"line":43,"column":34},"end":{"line":43,"column":105}},"19":{"start":{"line":44,"column":20},"end":{"line":44,"column":99}},"20":{"start":{"line":45,"column":20},"end":{"line":45,"column":63}},"21":{"start":{"line":47,"column":20},"end":{"line":47,"column":70}},"22":{"start":{"line":48,"column":20},"end":{"line":48,"column":82}},"23":{"start":{"line":51,"column":16},"end":{"line":51,"column":67}},"24":{"start":{"line":52,"column":16},"end":{"line":52,"column":63}},"25":{"start":{"line":55,"column":12},"end":{"line":55,"column":72}},"26":{"start":{"line":56,"column":12},"end":{"line":56,"column":68}},"27":{"start":{"line":61,"column":24},"end":{"line":61,"column":58}},"28":{"start":{"line":62,"column":8},"end":{"line":71,"column":null}},"29":{"start":{"line":63,"column":32},"end":{"line":63,"column":80}},"30":{"start":{"line":64,"column":12},"end":{"line":68,"column":null}},"31":{"start":{"line":65,"column":16},"end":{"line":65,"column":28}},"32":{"start":{"line":67,"column":16},"end":{"line":67,"column":29}},"33":{"start":{"line":70,"column":12},"end":{"line":70,"column":25}},"34":{"start":{"line":6,"column":0},"end":{"line":6,"column":13}}},"fnMap":{"0":{"name":"(anonymous_7)","decl":{"start":{"line":13,"column":4},"end":{"line":13,"column":23}},"loc":{"start":{"line":13,"column":135},"end":{"line":18,"column":5}}},"1":{"name":"(anonymous_8)","decl":{"start":{"line":20,"column":17},"end":{"line":20,"column":30}},"loc":{"start":{"line":20,"column":30},"end":{"line":31,"column":null}}},"2":{"name":"(anonymous_10)","decl":{"start":{"line":33,"column":18},"end":{"line":33,"column":31}},"loc":{"start":{"line":33,"column":31},"end":{"line":35,"column":null}}},"3":{"name":"(anonymous_12)","decl":{"start":{"line":37,"column":18},"end":{"line":37,"column":27}},"loc":{"start":{"line":37,"column":27},"end":{"line":58,"column":null}}},"4":{"name":"(anonymous_14)","decl":{"start":{"line":60,"column":18},"end":{"line":60,"column":37}},"loc":{"start":{"line":60,"column":60},"end":{"line":73,"column":null}}}},"branchMap":{"0":{"loc":{"start":{"line":21,"column":8},"end":{"line":30,"column":null}},"type":"switch","locations":[{"start":{"line":22,"column":12},"end":{"line":24,"column":22}},{"start":{"line":25,"column":12},"end":{"line":27,"column":22}},{"start":{"line":28,"column":12},"end":{"line":29,"column":22}}]},"1":{"loc":{"start":{"line":40,"column":12},"end":{"line":53,"column":null}},"type":"if","locations":[{"start":{"line":40,"column":12},"end":{"line":53,"column":null}},{"start":{"line":50,"column":19},"end":{"line":53,"column":null}}]},"2":{"loc":{"start":{"line":42,"column":16},"end":{"line":49,"column":null}},"type":"if","locations":[{"start":{"line":42,"column":16},"end":{"line":49,"column":null}},{"start":{"line":46,"column":23},"end":{"line":49,"column":null}}]},"3":{"loc":{"start":{"line":62,"column":8},"end":{"line":71,"column":null}},"type":"if","locations":[{"start":{"line":62,"column":8},"end":{"line":71,"column":null}},{"start":{"line":69,"column":15},"end":{"line":71,"column":null}}]},"4":{"loc":{"start":{"line":64,"column":12},"end":{"line":68,"column":null}},"type":"if","locations":[{"start":{"line":64,"column":12},"end":{"line":68,"column":null}},{"start":{"line":66,"column":19},"end":{"line":68,"column":null}}]}},"s":{"0":1,"1":1,"2":7,"3":7,"4":7,"5":7,"6":7,"7":1,"8":1,"9":5,"10":5,"11":1,"12":1,"13":5,"14":5,"15":4,"16":2,"17":2,"18":1,"19":1,"20":1,"21":1,"22":1,"23":2,"24":2,"25":1,"26":1,"27":5,"28":5,"29":4,"30":3,"31":2,"32":1,"33":1,"34":1},"f":{"0":7,"1":7,"2":1,"3":5,"4":5},"b":{"0":[1,5,1],"1":[2,2],"2":[1,1],"3":[4,1],"4":[2,1]}}
,"D:\\Works\\SelfWork\\jest_test_practise\\src\\app\\Handlers\\LoginHandler.ts": {"path":"D:\\Works\\SelfWork\\jest_test_practise\\src\\app\\Handlers\\LoginHandler.ts","statementMap":{"0":{"start":{"line":3,"column":0},"end":{"line":3,"column":39}},"1":{"start":{"line":4,"column":0},"end":{"line":4,"column":74}},"2":{"start":{"line":13,"column":8},"end":{"line":13,"column":31}},"3":{"start":{"line":14,"column":8},"end":{"line":14,"column":33}},"4":{"start":{"line":15,"column":8},"end":{"line":15,"column":37}},"5":{"start":{"line":19,"column":8},"end":{"line":28,"column":null}},"6":{"start":{"line":21,"column":16},"end":{"line":21,"column":43}},"7":{"start":{"line":22,"column":16},"end":{"line":22,"column":22}},"8":{"start":{"line":24,"column":16},"end":{"line":24,"column":40}},"9":{"start":{"line":25,"column":16},"end":{"line":25,"column":22}},"10":{"start":{"line":27,"column":16},"end":{"line":27,"column":22}},"11":{"start":{"line":32,"column":8},"end":{"line":32,"column":47}},"12":{"start":{"line":36,"column":8},"end":{"line":50,"column":null}},"13":{"start":{"line":37,"column":41},"end":{"line":37,"column":81}},"14":{"start":{"line":38,"column":26},"end":{"line":38,"column":74}},"15":{"start":{"line":39,"column":12},"end":{"line":46,"column":null}},"16":{"start":{"line":40,"column":16},"end":{"line":40,"column":62}},"17":{"start":{"line":41,"column":16},"end":{"line":41,"column":100}},"18":{"start":{"line":42,"column":16},"end":{"line":42,"column":59}},"19":{"start":{"line":44,"column":16},"end":{"line":44,"column":64}},"20":{"start":{"line":45,"column":16},"end":{"line":45,"column":66}},"21":{"start":{"line":48,"column":12},"end":{"line":48,"column":72}},"22":{"start":{"line":49,"column":12},"end":{"line":49,"column":68}},"23":{"start":{"line":6,"column":0},"end":{"line":6,"column":13}}},"fnMap":{"0":{"name":"(anonymous_7)","decl":{"start":{"line":12,"column":4},"end":{"line":12,"column":23}},"loc":{"start":{"line":12,"column":97},"end":{"line":16,"column":5}}},"1":{"name":"(anonymous_8)","decl":{"start":{"line":18,"column":17},"end":{"line":18,"column":30}},"loc":{"start":{"line":18,"column":30},"end":{"line":29,"column":null}}},"2":{"name":"(anonymous_10)","decl":{"start":{"line":31,"column":18},"end":{"line":31,"column":31}},"loc":{"start":{"line":31,"column":31},"end":{"line":33,"column":null}}},"3":{"name":"(anonymous_12)","decl":{"start":{"line":35,"column":18},"end":{"line":35,"column":28}},"loc":{"start":{"line":35,"column":28},"end":{"line":51,"column":null}}}},"branchMap":{"0":{"loc":{"start":{"line":19,"column":8},"end":{"line":28,"column":null}},"type":"switch","locations":[{"start":{"line":20,"column":12},"end":{"line":22,"column":22}},{"start":{"line":23,"column":12},"end":{"line":25,"column":22}},{"start":{"line":26,"column":12},"end":{"line":27,"column":22}}]},"1":{"loc":{"start":{"line":39,"column":12},"end":{"line":46,"column":null}},"type":"if","locations":[{"start":{"line":39,"column":12},"end":{"line":46,"column":null}},{"start":{"line":43,"column":19},"end":{"line":46,"column":null}}]}},"s":{"0":1,"1":1,"2":5,"3":5,"4":5,"5":5,"6":1,"7":1,"8":3,"9":3,"10":1,"11":1,"12":3,"13":3,"14":2,"15":2,"16":1,"17":1,"18":1,"19":1,"20":1,"21":1,"22":1,"23":1},"f":{"0":5,"1":5,"2":1,"3":3},"b":{"0":[1,3,1],"1":[1,1]}}
,"D:\\Works\\SelfWork\\jest_test_practise\\src\\app\\Models\\ServerModels.ts": {"path":"D:\\Works\\SelfWork\\jest_test_practise\\src\\app\\Models\\ServerModels.ts","statementMap":{"0":{"start":{"line":21,"column":0},"end":{"line":21,"column":null}},"1":{"start":{"line":22,"column":4},"end":{"line":22,"column":null}},"2":{"start":{"line":23,"column":4},"end":{"line":23,"column":null}},"3":{"start":{"line":24,"column":4},"end":{"line":24,"column":null}},"4":{"start":{"line":27,"column":0},"end":{"line":27,"column":null}},"5":{"start":{"line":28,"column":4},"end":{"line":28,"column":null}},"6":{"start":{"line":29,"column":4},"end":{"line":29,"column":null}},"7":{"start":{"line":30,"column":4},"end":{"line":30,"column":null}},"8":{"start":{"line":31,"column":4},"end":{"line":31,"column":null}},"9":{"start":{"line":51,"column":0},"end":{"line":51,"column":null}},"10":{"start":{"line":52,"column":4},"end":{"line":52,"column":null}},"11":{"start":{"line":53,"column":4},"end":{"line":53,"column":null}},"12":{"start":{"line":54,"column":4},"end":{"line":54,"column":null}},"13":{"start":{"line":55,"column":4},"end":{"line":55,"column":null}},"14":{"start":{"line":56,"column":4},"end":{"line":56,"column":null}},"15":{"start":{"line":57,"column":4},"end":{"line":57,"column":null}},"16":{"start":{"line":60,"column":0},"end":{"line":60,"column":null}},"17":{"start":{"line":61,"column":4},"end":{"line":61,"column":null}},"18":{"start":{"line":62,"column":4},"end":{"line":62,"column":null}},"19":{"start":{"line":63,"column":4},"end":{"line":63,"column":null}},"20":{"start":{"line":64,"column":4},"end":{"line":64,"column":null}},"21":{"start":{"line":65,"column":4},"end":{"line":65,"column":null}}},"fnMap":{"0":{"name":"(anonymous_0)","decl":{"start":{"line":21,"column":0},"end":{"line":21,"column":12}},"loc":{"start":{"line":21,"column":22},"end":{"line":25,"column":1}}},"1":{"name":"(anonymous_1)","decl":{"start":{"line":27,"column":0},"end":{"line":27,"column":12}},"loc":{"start":{"line":27,"column":23},"end":{"line":32,"column":1}}},"2":{"name":"(anonymous_2)","decl":{"start":{"line":51,"column":0},"end":{"line":51,"column":12}},"loc":{"start":{"line":51,"column":22},"end":{"line":58,"column":1}}},"3":{"name":"(anonymous_3)","decl":{"start":{"line":60,"column":0},"end":{"line":60,"column":12}},"loc":{"start":{"line":60,"column":24},"end":{"line":66,"column":1}}}},"branchMap":{"0":{"loc":{"start":{"line":21,"column":12},"end":{"line":21,"column":null}},"type":"binary-expr","locations":[{"start":{"line":21,"column":12},"end":{"line":21,"column":22}},{"start":{"line":21,"column":12},"end":{"line":21,"column":null}}]},"1":{"loc":{"start":{"line":27,"column":12},"end":{"line":27,"column":null}},"type":"binary-expr","locations":[{"start":{"line":27,"column":12},"end":{"line":27,"column":23}},{"start":{"line":27,"column":12},"end":{"line":27,"column":null}}]},"2":{"loc":{"start":{"line":51,"column":12},"end":{"line":51,"column":null}},"type":"binary-expr","locations":[{"start":{"line":51,"column":12},"end":{"line":51,"column":22}},{"start":{"line":51,"column":12},"end":{"line":51,"column":null}}]},"3":{"loc":{"start":{"line":60,"column":12},"end":{"line":60,"column":null}},"type":"binary-expr","locations":[{"start":{"line":60,"column":12},"end":{"line":60,"column":24}},{"start":{"line":60,"column":12},"end":{"line":60,"column":null}}]}},"s":{"0":3,"1":3,"2":3,"3":3,"4":3,"5":3,"6":3,"7":3,"8":3,"9":3,"10":3,"11":3,"12":3,"13":3,"14":3,"15":3,"16":3,"17":3,"18":3,"19":3,"20":3,"21":3},"f":{"0":3,"1":3,"2":3,"3":3},"b":{"0":[3,3],"1":[3,3],"2":[3,3],"3":[3,3]}}
,"D:\\Works\\SelfWork\\jest_test_practise\\src\\app\\Models\\UserModels.ts": {"path":"D:\\Works\\SelfWork\\jest_test_practise\\src\\app\\Models\\UserModels.ts","statementMap":{"0":{"start":{"line":9,"column":0},"end":{"line":9,"column":null}},"1":{"start":{"line":10,"column":4},"end":{"line":10,"column":null}},"2":{"start":{"line":11,"column":4},"end":{"line":11,"column":null}},"3":{"start":{"line":12,"column":4},"end":{"line":12,"column":null}},"4":{"start":{"line":13,"column":4},"end":{"line":13,"column":null}},"5":{"start":{"line":14,"column":4},"end":{"line":14,"column":null}}},"fnMap":{"0":{"name":"(anonymous_0)","decl":{"start":{"line":9,"column":0},"end":{"line":9,"column":12}},"loc":{"start":{"line":9,"column":27},"end":{"line":15,"column":1}}}},"branchMap":{"0":{"loc":{"start":{"line":9,"column":12},"end":{"line":9,"column":null}},"type":"binary-expr","locations":[{"start":{"line":9,"column":12},"end":{"line":9,"column":27}},{"start":{"line":9,"column":12},"end":{"line":9,"column":null}}]}},"s":{"0":1,"1":1,"2":1,"3":1,"4":1,"5":1},"f":{"0":1},"b":{"0":[1,1]}}
,"D:\\Works\\SelfWork\\jest_test_practise\\src\\app\\Utils\\Utils.ts": {"path":"D:\\Works\\SelfWork\\jest_test_practise\\src\\app\\Utils\\Utils.ts","statementMap":{"0":{"start":{"line":1,"column":0},"end":{"line":1,"column":48}},"1":{"start":{"line":7,"column":8},"end":{"line":10,"column":null}},"2":{"start":{"line":8,"column":12},"end":{"line":8,"column":42}},"3":{"start":{"line":11,"column":8},"end":{"line":11,"column":32}},"4":{"start":{"line":16,"column":20},"end":{"line":16,"column":27}},"5":{"start":{"line":17,"column":8},"end":{"line":26,"column":null}},"6":{"start":{"line":18,"column":30},"end":{"line":18,"column":48}},"7":{"start":{"line":19,"column":12},"end":{"line":23,"column":null}},"8":{"start":{"line":20,"column":16},"end":{"line":20,"column":56}},"9":{"start":{"line":22,"column":16},"end":{"line":22,"column":null}},"10":{"start":{"line":25,"column":12},"end":{"line":25,"column":22}},"11":{"start":{"line":30,"column":8},"end":{"line":45,"column":11}},"12":{"start":{"line":31,"column":23},"end":{"line":31,"column":25}},"13":{"start":{"line":32,"column":12},"end":{"line":34,"column":15}},"14":{"start":{"line":33,"column":16},"end":{"line":33,"column":29}},"15":{"start":{"line":35,"column":12},"end":{"line":41,"column":15}},"16":{"start":{"line":36,"column":16},"end":{"line":40,"column":null}},"17":{"start":{"line":37,"column":20},"end":{"line":37,"column":46}},"18":{"start":{"line":39,"column":20},"end":{"line":39,"column":null}},"19":{"start":{"line":42,"column":12},"end":{"line":44,"column":15}},"20":{"start":{"line":43,"column":16},"end":{"line":43,"column":null}},"21":{"start":{"line":5,"column":0},"end":{"line":5,"column":13}}},"fnMap":{"0":{"name":"(anonymous_7)","decl":{"start":{"line":6,"column":11},"end":{"line":6,"column":17}},"loc":{"start":{"line":6,"column":38},"end":{"line":12,"column":5}}},"1":{"name":"(anonymous_8)","decl":{"start":{"line":15,"column":11},"end":{"line":15,"column":17}},"loc":{"start":{"line":15,"column":57},"end":{"line":27,"column":5}}},"2":{"name":"(anonymous_9)","decl":{"start":{"line":29,"column":11},"end":{"line":29,"column":17}},"loc":{"start":{"line":29,"column":63},"end":{"line":46,"column":null}}},"3":{"name":"(anonymous_11)","decl":{"start":{"line":30,"column":27},"end":{"line":30,"column":28}},"loc":{"start":{"line":30,"column":47},"end":{"line":45,"column":9}}},"4":{"name":"(anonymous_12)","decl":{"start":{"line":32,"column":31},"end":{"line":32,"column":32}},"loc":{"start":{"line":32,"column":48},"end":{"line":34,"column":13}}},"5":{"name":"(anonymous_13)","decl":{"start":{"line":35,"column":30},"end":{"line":35,"column":33}},"loc":{"start":{"line":35,"column":35},"end":{"line":41,"column":13}}},"6":{"name":"(anonymous_14)","decl":{"start":{"line":42,"column":32},"end":{"line":42,"column":33}},"loc":{"start":{"line":42,"column":47},"end":{"line":44,"column":13}}}},"branchMap":{"0":{"loc":{"start":{"line":7,"column":8},"end":{"line":10,"column":null}},"type":"if","locations":[{"start":{"line":7,"column":8},"end":{"line":10,"column":null}}]},"1":{"loc":{"start":{"line":17,"column":8},"end":{"line":26,"column":null}},"type":"if","locations":[{"start":{"line":17,"column":8},"end":{"line":26,"column":null}},{"start":{"line":24,"column":15},"end":{"line":26,"column":null}}]},"2":{"loc":{"start":{"line":19,"column":12},"end":{"line":23,"column":null}},"type":"if","locations":[{"start":{"line":19,"column":12},"end":{"line":23,"column":null}},{"start":{"line":21,"column":19},"end":{"line":23,"column":null}}]}},"s":{"0":3,"1":2,"2":0,"3":2,"4":2,"5":2,"6":2,"7":2,"8":2,"9":0,"10":0,"11":0,"12":0,"13":0,"14":0,"15":0,"16":0,"17":0,"18":0,"19":0,"20":0,"21":3},"f":{"0":2,"1":2,"2":0,"3":0,"4":0,"5":0,"6":0},"b":{"0":[0],"1":[2,0],"2":[2,0]}}
}
