{"/Users/amity/Documents/jest_test_practise/src/app/Utils.ts": {"path":"/Users/amity/Documents/jest_test_practise/src/app/Utils.ts","statementMap":{"0":{"start":{"line":1,"column":0},"end":{"line":1,"column":47}},"1":{"start":{"line":5,"column":8},"end":{"line":7,"column":null}},"2":{"start":{"line":6,"column":12},"end":{"line":6,"column":41}},"3":{"start":{"line":8,"column":8},"end":{"line":8,"column":32}},"4":{"start":{"line":12,"column":8},"end":{"line":12,"column":33}},"5":{"start":{"line":3,"column":0},"end":{"line":3,"column":13}}},"fnMap":{"0":{"name":"(anonymous_0)","decl":{"start":{"line":4,"column":11},"end":{"line":4,"column":17}},"loc":{"start":{"line":4,"column":38},"end":{"line":9,"column":5}}},"1":{"name":"(anonymous_1)","decl":{"start":{"line":11,"column":11},"end":{"line":11,"column":17}},"loc":{"start":{"line":11,"column":41},"end":{"line":13,"column":5}}}},"branchMap":{"0":{"loc":{"start":{"line":5,"column":8},"end":{"line":7,"column":null}},"type":"if","locations":[{"start":{"line":5,"column":8},"end":{"line":7,"column":null}}]}},"s":{"0":1,"1":5,"2":3,"3":2,"4":1,"5":1},"f":{"0":5,"1":1},"b":{"0":[3]}}
}
