TN:
SF:src\app\Authorization\Authorizer.ts
FN:11,(anonymous_7)
FN:18,(anonymous_8)
FN:37,(anonymous_10)
FN:55,(anonymous_12)
FN:59,(anonymous_13)
FNF:5
FNH:4
FNDA:3,(anonymous_7)
FNDA:1,(anonymous_8)
FNDA:0,(anonymous_10)
FNDA:1,(anonymous_12)
FNDA:1,(anonymous_13)
DA:1,1
DA:2,1
DA:3,1
DA:6,1
DA:14,3
DA:15,3
DA:19,1
DA:22,1
DA:23,1
DA:30,1
DA:31,1
DA:33,0
DA:38,0
DA:39,0
DA:40,0
DA:44,0
DA:45,0
DA:49,0
DA:56,1
DA:60,1
LF:20
LH:13
BRDA:11,0,0,1
BRDA:12,1,0,1
BRDA:22,2,0,1
BRDA:22,2,1,0
BRDA:39,3,0,0
BRDA:39,3,1,0
BRDA:39,4,0,0
BRDA:39,4,1,0
BRDA:44,5,0,0
BRF:9
BRH:3
end_of_record
TN:
SF:src\app\Authorization\SessionTokenDBAccess.ts
FN:8,(anonymous_7)
FN:13,(anonymous_8)
FN:14,(anonymous_10)
FN:15,(anonymous_11)
FN:25,(anonymous_12)
FN:26,(anonymous_14)
FN:27,(anonymous_15)
FNF:7
FNH:0
FNDA:0,(anonymous_7)
FNDA:0,(anonymous_8)
FNDA:0,(anonymous_10)
FNDA:0,(anonymous_11)
FNDA:0,(anonymous_12)
FNDA:0,(anonymous_14)
FNDA:0,(anonymous_15)
DA:2,1
DA:4,1
DA:9,0
DA:10,0
DA:14,0
DA:15,0
DA:16,0
DA:17,0
DA:19,0
DA:26,0
DA:27,0
DA:28,0
DA:29,0
DA:31,0
DA:32,0
DA:34,0
LF:16
LH:2
BRDA:8,0,0,0
BRDA:16,1,0,0
BRDA:16,1,1,0
BRDA:28,2,0,0
BRDA:28,2,1,0
BRDA:31,3,0,0
BRDA:31,3,1,0
BRF:7
BRH:0
end_of_record
TN:
SF:src\app\Authorization\UserCredentialsDbAccess.ts
FN:8,(anonymous_7)
FN:13,(anonymous_8)
FN:14,(anonymous_10)
FN:15,(anonymous_11)
FN:25,(anonymous_12)
FN:26,(anonymous_14)
FN:27,(anonymous_15)
FNF:7
FNH:0
FNDA:0,(anonymous_7)
FNDA:0,(anonymous_8)
FNDA:0,(anonymous_10)
FNDA:0,(anonymous_11)
FNDA:0,(anonymous_12)
FNDA:0,(anonymous_14)
FNDA:0,(anonymous_15)
DA:1,1
DA:4,1
DA:9,0
DA:10,0
DA:14,0
DA:15,0
DA:16,0
DA:17,0
DA:19,0
DA:26,0
DA:27,0
DA:28,0
DA:29,0
DA:31,0
DA:32,0
DA:34,0
LF:16
LH:2
BRDA:8,0,0,0
BRDA:16,1,0,0
BRDA:16,1,1,0
BRDA:28,2,0,0
BRDA:28,2,1,0
BRDA:31,3,0,0
BRDA:31,3,1,0
BRF:7
BRH:0
end_of_record
TN:
SF:src\app\Handlers\DataHandler.ts
FN:13,(anonymous_7)
FN:20,(anonymous_8)
FN:33,(anonymous_10)
FN:37,(anonymous_12)
FN:60,(anonymous_14)
FNF:5
FNH:5
FNDA:7,(anonymous_7)
FNDA:7,(anonymous_8)
FNDA:1,(anonymous_10)
FNDA:5,(anonymous_12)
FNDA:5,(anonymous_14)
DA:2,1
DA:3,1
DA:6,1
DA:14,7
DA:15,7
DA:16,7
DA:17,7
DA:21,7
DA:23,1
DA:24,1
DA:26,5
DA:27,5
DA:29,1
DA:34,1
DA:38,5
DA:39,5
DA:40,4
DA:41,2
DA:42,2
DA:43,1
DA:44,1
DA:45,1
DA:47,1
DA:48,1
DA:51,2
DA:52,2
DA:55,1
DA:56,1
DA:61,5
DA:62,5
DA:63,4
DA:64,3
DA:65,2
DA:67,1
DA:70,1
LF:35
LH:35
BRDA:21,0,0,1
BRDA:21,0,1,5
BRDA:21,0,2,1
BRDA:40,1,0,2
BRDA:40,1,1,2
BRDA:42,2,0,1
BRDA:42,2,1,1
BRDA:62,3,0,4
BRDA:62,3,1,1
BRDA:64,4,0,2
BRDA:64,4,1,1
BRF:11
BRH:11
end_of_record
TN:
SF:src\app\Handlers\LoginHandler.ts
FN:12,(anonymous_7)
FN:18,(anonymous_8)
FN:31,(anonymous_10)
FN:35,(anonymous_12)
FNF:4
FNH:4
FNDA:5,(anonymous_7)
FNDA:5,(anonymous_8)
FNDA:1,(anonymous_10)
FNDA:3,(anonymous_12)
DA:3,1
DA:4,1
DA:6,1
DA:13,5
DA:14,5
DA:15,5
DA:19,5
DA:21,1
DA:22,1
DA:24,3
DA:25,3
DA:27,1
DA:32,1
DA:36,3
DA:37,3
DA:38,2
DA:39,2
DA:40,1
DA:41,1
DA:42,1
DA:44,1
DA:45,1
DA:48,1
DA:49,1
LF:24
LH:24
BRDA:19,0,0,1
BRDA:19,0,1,3
BRDA:19,0,2,1
BRDA:39,1,0,1
BRDA:39,1,1,1
BRF:5
BRH:5
end_of_record
TN:
SF:src\app\Models\ServerModels.ts
FN:21,(anonymous_0)
FN:27,(anonymous_1)
FN:51,(anonymous_2)
FN:60,(anonymous_3)
FNF:4
FNH:4
FNDA:3,(anonymous_0)
FNDA:3,(anonymous_1)
FNDA:3,(anonymous_2)
FNDA:3,(anonymous_3)
DA:21,3
DA:22,3
DA:23,3
DA:24,3
DA:27,3
DA:28,3
DA:29,3
DA:30,3
DA:31,3
DA:51,3
DA:52,3
DA:53,3
DA:54,3
DA:55,3
DA:56,3
DA:57,3
DA:60,3
DA:61,3
DA:62,3
DA:63,3
DA:64,3
DA:65,3
LF:22
LH:22
BRDA:21,0,0,3
BRDA:21,0,1,3
BRDA:27,1,0,3
BRDA:27,1,1,3
BRDA:51,2,0,3
BRDA:51,2,1,3
BRDA:60,3,0,3
BRDA:60,3,1,3
BRF:8
BRH:8
end_of_record
TN:
SF:src\app\Models\UserModels.ts
FN:9,(anonymous_0)
FNF:1
FNH:1
FNDA:1,(anonymous_0)
DA:9,1
DA:10,1
DA:11,1
DA:12,1
DA:13,1
DA:14,1
LF:6
LH:6
BRDA:9,0,0,1
BRDA:9,0,1,1
BRF:2
BRH:2
end_of_record
TN:
SF:src\app\Utils\Utils.ts
FN:6,(anonymous_7)
FN:15,(anonymous_8)
FN:29,(anonymous_9)
FN:30,(anonymous_11)
FN:32,(anonymous_12)
FN:35,(anonymous_13)
FN:42,(anonymous_14)
FNF:7
FNH:2
FNDA:2,(anonymous_7)
FNDA:2,(anonymous_8)
FNDA:0,(anonymous_9)
FNDA:0,(anonymous_11)
FNDA:0,(anonymous_12)
FNDA:0,(anonymous_13)
FNDA:0,(anonymous_14)
DA:1,3
DA:5,3
DA:7,2
DA:8,0
DA:11,2
DA:16,2
DA:17,2
DA:18,2
DA:19,2
DA:20,2
DA:22,0
DA:25,0
DA:30,0
DA:31,0
DA:32,0
DA:33,0
DA:35,0
DA:36,0
DA:37,0
DA:39,0
DA:42,0
DA:43,0
LF:22
LH:9
BRDA:7,0,0,0
BRDA:17,1,0,2
BRDA:17,1,1,0
BRDA:19,2,0,2
BRDA:19,2,1,0
BRF:5
BRH:2
end_of_record
